command: cd vmod/nvdla/glb;make PROJECT=nv_small 
../../../tools/bin/vcp -i NV_NVDLA_GLB_fc.v -o ../../../outdir/nv_small/vmod/nvdla/glb/NV_NVDLA_GLB_fc.v.vcp -imacros ../../../outdir/nv_small/spec/defs/project.h -inc /home/cegrad/lpuli012/CS220_Project/hw/vmod/include -inc ../../../outdir/nv_small/spec/manual -cpp /usr/bin/cpp                      
/home/cegrad/lpuli012/perl-5.10/bin/perl   -I ../../../vmod/plugins -Meperl ../../../tools/bin/eperl -o ../../../outdir/nv_small/vmod/nvdla/glb/NV_NVDLA_GLB_fc.v ../../../outdir/nv_small/vmod/nvdla/glb/NV_NVDLA_GLB_fc.v.vcp 
../../../tools/bin/vcp -i NV_NVDLA_GLB_CSB_reg.v -o ../../../outdir/nv_small/vmod/nvdla/glb/NV_NVDLA_GLB_CSB_reg.v.vcp -imacros ../../../outdir/nv_small/spec/defs/project.h -inc /home/cegrad/lpuli012/CS220_Project/hw/vmod/include -inc ../../../outdir/nv_small/spec/manual -cpp /usr/bin/cpp                      
/home/cegrad/lpuli012/perl-5.10/bin/perl   -I ../../../vmod/plugins -Meperl ../../../tools/bin/eperl -o ../../../outdir/nv_small/vmod/nvdla/glb/NV_NVDLA_GLB_CSB_reg.v ../../../outdir/nv_small/vmod/nvdla/glb/NV_NVDLA_GLB_CSB_reg.v.vcp 
../../../tools/bin/vcp -i NV_NVDLA_GLB_csb.v -o ../../../outdir/nv_small/vmod/nvdla/glb/NV_NVDLA_GLB_csb.v.vcp -imacros ../../../outdir/nv_small/spec/defs/project.h -inc /home/cegrad/lpuli012/CS220_Project/hw/vmod/include -inc ../../../outdir/nv_small/spec/manual -cpp /usr/bin/cpp                      
/home/cegrad/lpuli012/perl-5.10/bin/perl   -I ../../../vmod/plugins -Meperl ../../../tools/bin/eperl -o ../../../outdir/nv_small/vmod/nvdla/glb/NV_NVDLA_GLB_csb.v ../../../outdir/nv_small/vmod/nvdla/glb/NV_NVDLA_GLB_csb.v.vcp 
../../../tools/bin/vcp -i NV_NVDLA_GLB_ic.v -o ../../../outdir/nv_small/vmod/nvdla/glb/NV_NVDLA_GLB_ic.v.vcp -imacros ../../../outdir/nv_small/spec/defs/project.h -inc /home/cegrad/lpuli012/CS220_Project/hw/vmod/include -inc ../../../outdir/nv_small/spec/manual -cpp /usr/bin/cpp                      
/home/cegrad/lpuli012/perl-5.10/bin/perl   -I ../../../vmod/plugins -Meperl ../../../tools/bin/eperl -o ../../../outdir/nv_small/vmod/nvdla/glb/NV_NVDLA_GLB_ic.v ../../../outdir/nv_small/vmod/nvdla/glb/NV_NVDLA_GLB_ic.v.vcp 
../../../tools/bin/vcp -i NV_NVDLA_glb.v -o ../../../outdir/nv_small/vmod/nvdla/glb/NV_NVDLA_glb.v.vcp -imacros ../../../outdir/nv_small/spec/defs/project.h -inc /home/cegrad/lpuli012/CS220_Project/hw/vmod/include -inc ../../../outdir/nv_small/spec/manual -cpp /usr/bin/cpp                      
/home/cegrad/lpuli012/perl-5.10/bin/perl   -I ../../../vmod/plugins -Meperl ../../../tools/bin/eperl -o ../../../outdir/nv_small/vmod/nvdla/glb/NV_NVDLA_glb.v ../../../outdir/nv_small/vmod/nvdla/glb/NV_NVDLA_glb.v.vcp 
==============================================
files are generated under /home/cegrad/lpuli012/CS220_Project/hw/outdir/nv_small/vmod/nvdla/glb
==============================================
Processing NV_NVDLA_GLB_fc.v into ../../../outdir/nv_small/vmod/nvdla/glb/NV_NVDLA_GLB_fc.v.vcp
../../../outdir/nv_small/vmod/nvdla/glb/NV_NVDLA_GLB_fc.v.vcp successfully written
eperl: ../../../outdir/nv_small/vmod/nvdla/glb/NV_NVDLA_GLB_fc.v unchanged.
Processing NV_NVDLA_GLB_CSB_reg.v into ../../../outdir/nv_small/vmod/nvdla/glb/NV_NVDLA_GLB_CSB_reg.v.vcp
../../../outdir/nv_small/vmod/nvdla/glb/NV_NVDLA_GLB_CSB_reg.v.vcp successfully written
eperl: ../../../outdir/nv_small/vmod/nvdla/glb/NV_NVDLA_GLB_CSB_reg.v unchanged.
Processing NV_NVDLA_GLB_csb.v into ../../../outdir/nv_small/vmod/nvdla/glb/NV_NVDLA_GLB_csb.v.vcp
../../../outdir/nv_small/vmod/nvdla/glb/NV_NVDLA_GLB_csb.v.vcp successfully written
eperl: ../../../outdir/nv_small/vmod/nvdla/glb/NV_NVDLA_GLB_csb.v unchanged.
Processing NV_NVDLA_GLB_ic.v into ../../../outdir/nv_small/vmod/nvdla/glb/NV_NVDLA_GLB_ic.v.vcp
../../../outdir/nv_small/vmod/nvdla/glb/NV_NVDLA_GLB_ic.v.vcp successfully written
eperl: ../../../outdir/nv_small/vmod/nvdla/glb/NV_NVDLA_GLB_ic.v unchanged.
Processing NV_NVDLA_glb.v into ../../../outdir/nv_small/vmod/nvdla/glb/NV_NVDLA_glb.v.vcp
../../../outdir/nv_small/vmod/nvdla/glb/NV_NVDLA_glb.v.vcp successfully written
eperl: ../../../outdir/nv_small/vmod/nvdla/glb/NV_NVDLA_glb.v unchanged.
